This file contains any messages produced by compilers while
running configure, to aid debugging if configure makes a mistake.

It was created by Multitouch Protocol Translation Library configure 1.1.6, which was
generated by GNU Autoconf 2.69.  Invocation command line was

  $ ./configure --host=i386-linux --target=aarch64-linux --prefix=/home/xfzhou/Workspace/SoC/BasicSystem/app/touch/lib CC=aarch64-linux-gnu-gcc

## --------- ##
## Platform. ##
## --------- ##

hostname = xfzhou-OptiPlex-7050
uname -m = x86_64
uname -r = 5.4.0-125-generic
uname -s = Linux
uname -v = #141~18.04.1-Ubuntu SMP Thu Aug 11 20:15:56 UTC 2022

/usr/bin/uname -p = unknown
/bin/uname -X     = unknown

/bin/arch              = unknown
/usr/bin/arch -k       = unknown
/usr/convex/getsysinfo = unknown
/usr/bin/hostinfo      = unknown
/bin/machine           = unknown
/usr/bin/oslevel       = unknown
/bin/universe          = unknown

PATH: /tools/Xilinx/Vitis/2020.1/bin
PATH: /tools/Xilinx/Vitis/2020.1/gnu/microblaze/lin/bin
PATH: /tools/Xilinx/Vitis/2020.1/gnu/arm/lin/bin
PATH: /tools/Xilinx/Vitis/2020.1/gnu/microblaze/linux_toolchain/lin64_le/bin
PATH: /tools/Xilinx/Vitis/2020.1/gnu/aarch32/lin/gcc-arm-linux-gnueabi/bin
PATH: /tools/Xilinx/Vitis/2020.1/gnu/aarch32/lin/gcc-arm-none-eabi/bin
PATH: /tools/Xilinx/Vitis/2020.1/gnu/aarch64/lin/aarch64-linux/bin
PATH: /tools/Xilinx/Vitis/2020.1/gnu/aarch64/lin/aarch64-none/bin
PATH: /tools/Xilinx/Vitis/2020.1/gnu/armr5/lin/gcc-arm-none-eabi/bin
PATH: /tools/Xilinx/Vitis/2020.1/tps/lnx64/cmake-3.3.2/bin
PATH: /tools/Xilinx/Vitis/2020.1/cardano/bin
PATH: /tools/Xilinx/Vivado/2020.1/bin
PATH: /tools/Xilinx/DocNav
PATH: /tools/Xilinx/Petalinux/tools/xsct/petalinux/bin
PATH: /tools/Xilinx/Petalinux/tools/common/petalinux/bin
PATH: /tools/Xilinx/Petalinux/tools/xsct/gnu/microblaze/lin/bin
PATH: /tools/Xilinx/Petalinux/tools/xsct/gnu/armr5/lin/gcc-arm-none-eabi/bin
PATH: /tools/Xilinx/Petalinux/tools/xsct/gnu/aarch64/lin/aarch64-none/bin
PATH: /tools/Xilinx/Petalinux/tools/xsct/gnu/aarch32/lin/gcc-arm-none-eabi/bin
PATH: /home/xfzhou/Workspace/SoC/BasicSystem/linux/sdk/sysroots/x86_64-petalinux-linux/usr/bin
PATH: /home/xfzhou/Workspace/SoC/BasicSystem/linux/sdk/sysroots/x86_64-petalinux-linux/usr/bin
PATH: /home/xfzhou/Workspace/SoC/BasicSystem/linux/sdk/sysroots/x86_64-petalinux-linux/usr/sbin
PATH: /home/xfzhou/Workspace/SoC/BasicSystem/linux/sdk/sysroots/x86_64-petalinux-linux/bin
PATH: /home/xfzhou/Workspace/SoC/BasicSystem/linux/sdk/sysroots/x86_64-petalinux-linux/sbin
PATH: /home/xfzhou/Workspace/SoC/BasicSystem/linux/sdk/sysroots/x86_64-petalinux-linux/usr/bin/../x86_64-petalinux-linux/bin
PATH: /home/xfzhou/Workspace/SoC/BasicSystem/linux/sdk/sysroots/x86_64-petalinux-linux/usr/bin/aarch64-xilinx-linux
PATH: /home/xfzhou/Workspace/SoC/BasicSystem/linux/sdk/sysroots/x86_64-petalinux-linux/usr/bin/aarch64-xilinx-linux-musl
PATH: /home/xfzhou/Workspace/SoC/BasicSystem/linux/sdk/sysroots/x86_64-petalinux-linux/usr/bin
PATH: /home/xfzhou/Workspace/SoC/BasicSystem/linux/sdk/sysroots/x86_64-petalinux-linux/usr/bin
PATH: /home/xfzhou/Workspace/SoC/BasicSystem/linux/sdk/sysroots/x86_64-petalinux-linux/usr/sbin
PATH: /home/xfzhou/Workspace/SoC/BasicSystem/linux/sdk/sysroots/x86_64-petalinux-linux/bin
PATH: /home/xfzhou/Workspace/SoC/BasicSystem/linux/sdk/sysroots/x86_64-petalinux-linux/sbin
PATH: /home/xfzhou/Workspace/SoC/BasicSystem/linux/sdk/sysroots/x86_64-petalinux-linux/usr/bin/../x86_64-petalinux-linux/bin
PATH: /home/xfzhou/Workspace/SoC/BasicSystem/linux/sdk/sysroots/x86_64-petalinux-linux/usr/bin/aarch64-xilinx-linux
PATH: /home/xfzhou/Workspace/SoC/BasicSystem/linux/sdk/sysroots/x86_64-petalinux-linux/usr/bin/aarch64-xilinx-linux-musl
PATH: /home/xfzhou/.local/bin
PATH: /home/xfzhou/.local/bin
PATH: /usr/local/sbin
PATH: /usr/local/bin
PATH: /usr/sbin
PATH: /usr/bin
PATH: /sbin
PATH: /bin
PATH: /usr/games
PATH: /usr/local/games
PATH: /snap/bin


## ----------- ##
## Core tests. ##
## ----------- ##

configure:2024: loading site script /home/xfzhou/Workspace/SoC/BasicSystem/linux/sdk/site-config-aarch64-xilinx-linux
| ac_cv_c_littleendian=${ac_cv_c_littleendian=yes}
| ac_cv_c_bigendian=${ac_cv_c_bigendian=no}
| 
| # libnet
| ac_cv_libnet_endianess=${ac_cv_libnet_endianess=lil}
| 
| # libmemcached
| ac_cv_c_endian=little
| # general
| ac_cv_va_val_copy=${ac_cv_va_val_copy=yes}
| ac_cv_func_lstat_dereferences_slashed_symlink=${ac_cv_func_lstat_dereferences_slashed_symlink=yes}
| ac_cv_func_lstat_empty_string_bug=${ac_cv_func_lstat_empty_string_bug=no}
| ac_cv_func_stat_empty_string_bug=${ac_cv_func_stat_empty_string_bug=no}
| ac_cv_func_stat_ignores_trailing_slash=${ac_cv_func_stat_ignores_trailing_slash=no}
| ac_cv_header_netinet_sctp_h=${ac_cv_header_netinet_sctp_h=no}
| ac_cv_header_netinet_sctp_uio_h=${ac_cv_header_netinet_sctp_uio_h=no}
| ac_cv_sctp=${ac_cv_sctp=no}
| 
| # bash
| ac_cv_c_long_double=${ac_cv_c_long_double=yes}
| bash_cv_func_sigsetjmp=${bash_cv_func_sigsetjmp=missing}
| 
| # coreutils
| utils_cv_sys_open_max=${utils_cv_sys_open_max=1019}
| 
| # cvs
| cvs_cv_func_printf_ptr=${cvs_cv_func_printf_ptr=yes}
| 
| # db (sleepycat)
| db_cv_fcntl_f_setfd=${db_cv_fcntl_f_setfd=yes}
| db_cv_sprintf_count=${db_cv_sprintf_count=yes}
| db_cv_align_t=${db_cv_align_t='unsigned long long'}
| db_cv_alignp_t=${db_cv_alignp_t='unsigned long'}
| 
| # D-BUS
| ac_cv_func_posix_getpwnam_r=${ac_cv_func_posix_getpwnam_r=yes}
| 
| # edb
| db_cv_spinlocks=${db_cv_spinlocks=no}
| 
| # ettercap
| ettercap_cv_type_socklen_t=${ettercap_cv_type_socklen_t=yes}
| 
| # fget
| compat_cv_func_snprintf_works=${compat_cv_func_snprintf_works=yes}
| compat_cv_func_basename_works=${compat_cv_func_basename_works=no}
| compat_cv_func_dirname_works=${compat_cv_func_dirname_works=no}
| 
| # fnmatch
| ac_cv_func_fnmatch_works=${ac_cv_func_fnmatch_works=yes}
| 
| # gettext
| am_cv_func_working_getline=${am_cv_func_working_getline=yes}
| 
| # glib
| glib_cv_stack_grows=${glib_cv_stack_grows=no}
| glib_cv_uscore=${glib_cv_uscore=no}
| glib_cv_use_pid_surrogate=${glib_cv_use_pid_surrogate=yes}
| glib_cv_has__inline=${glib_cv_has__inline=yes}
| glib_cv_has__inline__=${glib_cv_has__inline__=yes}
| glib_cv_hasinline=${glib_cv_hasinline=yes}
| glib_cv_sane_realloc=${glib_cv_sane_realloc=yes}
| glib_cv_uscore=${glib_cv_uscore=no}
| glib_cv_va_val_copy=${glib_cv_va_val_copy=yes}
| glib_cv_rtldglobal_broken=${glib_cv_rtldglobal_broken=no}
| glib_cv_sys_pthread_mutex_trylock_posix=${glib_cv_sys_pthread_mutex_trylock_posix=yes}
| glib_cv_sys_pthread_getspecific_posix=${glib_cv_sys_pthread_getspecific_posix=yes}
| glib_cv_sys_pthread_cond_timedwait_posix=${glib_cv_sys_pthread_cond_timedwait_posix=yes}
| 
| # glib-2.0
| glib_cv_long_long_format=${glib_cv_long_long_format=ll}
| glib_cv_sys_use_pid_niceness_surrogate=${glib_cv_sys_use_pid_niceness_surrogate=yes}
| 
| #gstreamer
| as_cv_unaligned_access=${as_cv_unaligned_access=no}
| 
| # httppc
| ac_cv_strerror_r_SUSv3=${ac_cv_strerror_r_SUSv3=no}
| 
| # lftp
| ac_cv_need_trio=${ac_cv_need_trio=no}
| lftp_cv_va_val_copy=${lftp_cv_va_val_copy=yes}
| 
| # libesmtp
| acx_working_snprintf=${acx_working_snprintf=yes}
| 
| # libidl
| libIDL_cv_long_long_format=${libIDL_cv_long_long_format=ll}
| 
| # libnet 
| ac_libnet_have_packet_socket=${ac_libnet_have_packet_socket=yes}
| 
| # libpcap
| ac_cv_linux_vers=${ac_cv_linux_vers=2}
| 
| # libxfce4util
| with_broken_putenv=${with_broken_putenv=no}
| 
| # links
| ac_cv_lib_png_png_create_info_struct=${ac_cv_lib_png_png_create_info_struct=yes}
| 
| # mysql
| mysql_cv_func_atomic_sub=${mysql_cv_func_atomic_sub=no}
| mysql_cv_func_atomic_add=${mysql_cv_func_atomic_add=no}
| 
| # nano
| ac_cv_regexec_segfault_emptystr=${ac_cv_regexec_segfault_emptystr=no}
| nano_cv_func_regexec_segv_emptystr=${nano_cv_func_regexec_segv_emptystr=no}
| 
| # php
| ac_cv_pread=${ac_cv_pread=no}
| ac_cv_pwrite=${ac_cv_pwrite=no}
| php_cv_lib_cookie_io_functions_use_off64_t=${php_cv_lib_cookie_io_functions_use_off64_t=yes}
| 
| # rsync
| rsync_cv_HAVE_BROKEN_LARGEFILE=${rsync_cv_HAVE_BROKEN_LARGEFILE=no}
| rsync_cv_HAVE_SOCKETPAIR=${rsync_cv_HAVE_SOCKETPAIR=yes}
| rsync_cv_HAVE_LONGLONG=${rsync_cv_HAVE_LONGLONG=yes}
| rsync_cv_HAVE_OFF64_T=${rsync_cv_HAVE_OFF64_T=no}
| rsync_cv_HAVE_SHORT_INO_T=${rsync_cv_HAVE_SHORT_INO_T=no}
| rsync_cv_HAVE_UNSIGNED_CHAR=${rsync_cv_HAVE_UNSIGNED_CHAR=no}
| rsync_cv_HAVE_BROKEN_READDIR=${rsync_cv_HAVE_BROKEN_READDIR=no}
| rsync_cv_HAVE_GETTIMEOFDAY_TZ=${rsync_cv_HAVE_GETTIMEOFDAY_TZ=yes}
| rsync_cv_HAVE_SECURE_MKSTEMP=${rsync_cv_HAVE_SECURE_MKSTEMP=yes}
| rsync_cv_REPLACE_INET_NTOA=${rsync_cv_REPLACE_INET_NTOA=no}
| rsync_cv_REPLACE_INET_ATON=${rsync_cv_REPLACE_INET_ATON=no}
| 
| # screen
| screen_cv_sys_bcopy_overlap=${screen_cv_sys_bcopy_overlap=no}
| screen_cv_sys_memcpy_overlap=${screen_cv_sys_memcpy_overlap=no}
| screen_cv_sys_memmove_overlap=${screen_cv_sys_memmove_overlap=no}
| screen_cv_sys_fifo_broken_impl=${screen_cv_sys_fifo_broken_impl=yes}
| screen_cv_sys_fifo_usable=${screen_cv_sys_fifo_usable=yes}
| screen_cv_sys_select_broken_retval=${screen_cv_sys_select_broken_retval=no}
| screen_cv_sys_sockets_nofs=${screen_cv_sys_sockets_nofs=no}
| screen_cv_sys_sockets_usable=${screen_cv_sys_sockets_usable=yes}
| screen_cv_sys_terminfo_used=${screen_cv_sys_terminfo_used=yes}
| 
| # slrn
| slrn_cv_va_val_copy=${slrn_cv_va_val_copy=yes}
| 
| # socat
| ac_cv_ispeed_offset=${ac_cv_ispeed_offset=13}
| sc_cv_termios_ispeed=${sc_cv_termios_ispeed=yes}
| 
| # ssh
| ac_cv_have_space_d_name_in_struct_dirent=${ac_cv_dirent_have_space_d_name=yes}
| ac_cv_have_broken_snprintf=${ac_cv_have_broken_snprintf=no}
| ac_cv_have_accrights_in_msghdr=${ac_cv_have_accrights_in_msghdr=no}
| ac_cv_have_control_in_msghdr=${ac_cv_have_control_in_msghdr=yes}
| ac_cv_have_openpty_ctty_bug=${ac_cv_have_openpty_ctty_bug=yes}
| 
| # startup-notification
| lf_cv_sane_realloc=yes
| 
| # xffm
| jm_cv_func_working_readdir=yes
| 
| # evolution-data-server
| ac_cv_libiconv_utf8=${ac_cv_libiconv_utf8=yes}
| 
| # definitions assuming 64-bit arm architecture
| 
| # general
| ac_cv_sizeof_wchar_t=4
| ac_cv_sizeof_size_t=8
| ac_cv_sizeof_ssize_t=8
| ac_cv_alignof_char=1
| ac_cv_alignof_double=8
| 
| # glib
| #glib_cv_sizeof_gmutex=${glib_cv_sizeof_gmutex=24}
| #glib_cv_sizeof_system_thread=${glib_cv_sizeof_system_thread=4}
| #glib_cv_sizeof_gmutex=${glib_cv_sizeof_gmutex=24}
| 
| # glib-2.0
| #glib_cv_sizeof_gmutex=${glib_cv_sizeof_gmutex=24}
| #glib_cv_sizeof_intmax_t=${glib_cv_sizeof_intmax_t=8}
| #glib_cv_sizeof_ptrdiff_t=${glib_cv_sizeof_ptrdiff_t=4}
| #glib_cv_sizeof_size_t=${glib_cv_sizeof_size_t=4}
| #glib_cv_sizeof_system_thread=${glib_cv_sizeof_system_thread=4}
| ac_cv_alignof_guint32=4
| ac_cv_alignof_guint64=8
| ac_cv_alignof_unsigned_long=8
| 
| # ORBit2 (should be in meta-gnome/site/arm-64)
| #ac_cv_alignof_CORBA_boolean=1
| #ac_cv_alignof_CORBA_char=1
| #ac_cv_alignof_CORBA_double=8
| #ac_cv_alignof_CORBA_float=4
| #ac_cv_alignof_CORBA_long=4
| #ac_cv_alignof_CORBA_long_double=8
| #ac_cv_alignof_CORBA_long_long=8
| #ac_cv_alignof_CORBA_octet=1
| #ac_cv_alignof_CORBA_pointer=4
| #ac_cv_alignof_CORBA_short=2
| #ac_cv_alignof_CORBA_struct=1
| #ac_cv_alignof_CORBA_wchar=2
| 
| # at-spi2-core
| ac_cv_alignof_dbind_pointer=8
| ac_cv_alignof_dbind_struct=1
| ac_cv_alignof_dbus_bool_t=4
| ac_cv_alignof_dbus_int16_t=2
| ac_cv_alignof_dbus_int32_t=4
| ac_cv_alignof_dbus_int64_t=8
| 
| # gettext - these add sleep delays otherwise
| gl_cv_func_sleep_works=${gl_cv_func_sleep_works=yes}
| gl_cv_header_working_fcntl_h=${gl_cv_header_working_fcntl_h=yes}
| 
| # apr
| ac_cv_file__dev_zero=${ac_cv_file__dev_zero=yes}
| ac_cv_sizeof_pid_t=${ac_cv_sizeof_pid_t=4}
| ac_cv_func_pthread_key_delete=${ac_cv_func_pthread_key_delete=yes}
| apr_cv_tcp_nodelay_with_cork=${apr_cv_tcp_nodelay_with_cork=yes}
| apr_cv_process_shared_works=${apr_cv_process_shared_works=no}
| 
| # samba
| samba_cv_HAVE_IFACE_AIX=${samba_cv_HAVE_IFACE_AIX=no}
| samba_cv_HAVE_IFACE_IFCONF=${samba_cv_HAVE_IFACE_IFCONF=yes}
| samba_cv_HAVE_IFACE_IFREQ=${samba_cv_HAVE_IFACE_IFREQ=yes}
| samba_cv_HAVE_IRIX_SPECIFIC_CAPABILITIES=${samba_cv_HAVE_IRIX_SPECIFIC_CAPABILITIES=no}
| 
| # db
| db_cv_path_ar=${db_cv_path_ar=/usr/bin/ar}
| db_cv_path_chmod=${db_cv_path_chmod=/bin/chmod}
| db_cv_path_cp=${db_cv_path_cp=/bin/cp}
| db_cv_path_ln=${db_cv_path_ln=/bin/ln}
| db_cv_path_mkdir=${db_cv_path_mkdir=/bin/mkdir}
| db_cv_path_ranlib=${db_cv_path_ranlib=/usr/bin/ranlib}
| db_cv_path_rm=${db_cv_path_rm=/bin/rm}
| db_cv_path_sh=${db_cv_path_sh=/bin/sh}
| db_cv_path_strip=${db_cv_path_strip=/usr/bin/strip}
| 
| # bash
| bash_cv_have_mbstate_t=${bash_cv_have_mbstate_t=yes}
| bash_cv_must_reinstall_sighandlers=${bash_cv_must_reinstall_sighandlers=no}
| bash_cv_func_strcoll_broken=${bash_cv_func_strcoll_broken=no}
| bash_cv_dup2_broken=${bash_cv_dup2_broken=no}
| bash_cv_opendir_not_robust=${bash_cv_opendir_not_robust=no}
| bash_cv_type_rlimit=${bash_cv_type_rlimit=rlim_t}
| bash_cv_getenv_redef=${bash_cv_getenv_redef=yes}
| bash_cv_ulimit_maxfds=${bash_cv_ulimit_maxfds=yes}
| bash_cv_getcwd_calls_popen=${bash_cv_getcwd_calls_popen=no}
| bash_cv_printf_a_format=${bash_cv_printf_a_format=yes}
| bash_cv_pgrp_pipe=${bash_cv_pgrp_pipe=no}
| bash_cv_job_control_missing=${bash_cv_job_control_missing=present}
| bash_cv_sys_named_pipes=${bash_cv_sys_named_pipes=present}
| bash_cv_unusable_rtsigs=${bash_cv_unusable_rtsigs=no}
| 
| # ccache
| hw_cv_func_snprintf_c99=${hw_cv_func_snprintf_c99=yes}
| hw_cv_func_vsnprintf_c99=${hw_cv_func_vsnprintf_c99=yes}
| 
| # coreutils
| gl_cv_func_fstatat_zero_flag=${gl_cv_func_fstatat_zero_flag=yes}
| gl_cv_have_proc_uptime=${gl_cv_have_proc_uptime=yes}
| 
| # mysql
| ac_cv_sys_restartable_syscalls=${ac_cv_sys_restartable_syscalls=yes}
| ac_cv_conv_longlong_to_float=${ac_cv_conv_longlong_to_float=yes}
| 
| # TCL
| tcl_cv_api_serial=${tcl_cv_api_serial=termios}
| 
| # python
| ac_cv_have_long_long_format=yes
| 
| # apache
| ac_cv_o_nonblock_inherited=${ac_cv_o_nonblock_inherited=no}
| 
| # rsync
| rsync_cv_HAVE_C99_VSNPRINTF=${rsync_cv_HAVE_C99_VSNPRINTF=yes}
| # general
| ac_cv_have_decl_sys_siglist=${ac_cv_have_decl_sys_siglist=yes}
| ac_cv_func_realloc_works=${ac_cv_func_realloc_works=yes}
| ac_cv_func_realloc_0_nonnull=${ac_cv_func_realloc_0_nonnull=yes}
| ac_cv_func_malloc_works=${ac_cv_func_malloc_works=yes}
| ac_cv_func_malloc_0_nonnull=${ac_cv_func_malloc_0_nonnull=yes}
| ac_cv_func_memcmp_working=${ac_cv_func_memcmp_working=yes}
| ac_cv_func_getpgrp_void=yes
| ac_cv_func_setpgrp_void=yes
| ac_cv_func_setgrent_void=yes
| ac_cv_func_getgrgid_r=${ac_cv_func_getgrgid_r=yes}
| ac_cv_func_getpwuid_r=${ac_cv_func_getpwuid_r=yes}
| ac_cv_func_posix_getpwuid_r=${ac_cv_func_posix_getpwuid_r=yes}
| ac_cv_func_posix_getgrgid_r=${ac_cv_func_posix_getgrgid_r=yes}
| ac_cv_type_uid_t={ac_cv_type_uid_t=yes}
| ac_cv_func_getaddrinfo=${ac_cv_func_getaddrinfo=yes}
| 
| # bash
| bash_cv_under_sys_siglist=${bash_cv_under_sys_siglist=yes}
| bash_cv_sys_siglist=${bash_cv_sys_siglist=yes}
| bash_cv_getcwd_malloc=${bash_cv_getcwd_malloc=yes}
| 
| # clamav
| clamav_av_func_working_snprintf_long=${clamav_av_func_working_snprintf_long=yes}
| clamav_av_have_in_port_t=${clamav_av_have_in_port_t=yes}
| clamav_av_have_in_addr_t=${clamav_av_have_in_addr_t=yes}
| ac_cv_func_mmap_fixed_mapped=${ac_cv_func_mmap_fixed_mapped=yes}
| 
| # coreutils
| fu_cv_sys_stat_statfs2_bsize=${fu_cv_sys_stat_statfs2_bsize=yes}
| 
| # glib
| glib_cv_strlcpy=${glib_cv_strlcpy=no}
| ac_cv_func_printf_unix98=${ac_cv_func_printf_unix98=yes}
| ac_cv_func_snprintf_c99=${ac_cv_func_snprintf_c99=yes}
| ac_cv_func_vsnprintf_c99=${ac_cv_func_vsnprintf_c99=yes}
| glib_cv_compliant_posix_memalign=${glib_cv_compliant_posix_memalign=1}
| glib_cv_long_long_format=${glib_cv_long_long_format=ll}
| # glib-1.x requires this and pkgconfig-native / pkgconfig-nativesdk use
| # that to avoid a dependency loop.
| glib_cv___va_copy=${glib_cv___va_copy=yes}
| glib_cv_va_copy=${glib_cv_va_copy=yes}
| glib_cv_have_qsort_r=${glib_cv_have_qsort_r=yes}
| 
| #dbus-glib
| ac_cv_have_abstract_sockets=${ac_cv_have_abstract_sockets=yes}
| 
| # gnucash
| am_cv_scanf_lld=${am_cv_scanf_lld=yes}
| 
| # guile
| ac_cv_func_pthread_attr_getstack=${ac_cv_func_pthread_attr_getstack=yes}
| 
| #gcc-zlib
| ac_cv_func_getpagesize=${ac_cv_func_getpagesize=yes}
| ac_cv_func_memcpy=${ac_cv_func_memcpy=yes}
| ac_cv_func_strerror=${ac_cv_func_strerror=yes}
| 
| # squid
| ac_cv_af_unix_large_dgram=${ac_cv_af_unix_large_dgram=yes}
| ac_cv_func_setresuid=${ac_cv_func_setresuid=yes}
| ac_cv_func_va_copy=${ac_cv_func_va_copy=yes}
| ac_cv_func___va_copy=${ac_cv_func___va_copy=yes}
| ac_cv_epoll_works=${ac_cv_epoll_works=yes}
| 
| ac_cv_check_sjlj=ssjlj
| 
| # m4
| gt_cv_locale_fr=${gt_cv_locale_fr=fr_FR}
| gl_cv_func_btowc_eof=${gl_cv_func_btowc_eof=yes}
| gl_cv_func_wcrtomb_retval=${gl_cv_func_wcrtomb_retval=yes}
| gl_cv_func_wctob_works=${gl_cv_func_wctob_works=yes}
| gl_cv_func_mbrtowc_incomplete_state=${gl_cv_func_mbrtowc_incomplete_state=yes}
| gl_cv_func_mbrtowc_sanitycheck=${gl_cv_func_mbrtowc_sanitycheck=yes}
| gl_cv_func_mbrtowc_null_arg=${gl_cv_func_mbrtowc_null_arg=yes}
| gl_cv_func_mbrtowc_retval=${gl_cv_func_mbrtowc_retval=yes}
| gl_cv_func_mbrtowc_nul_retval=${gl_cv_func_mbrtowc_nul_retval=yes}
| 
| # va_copy and _va_copy
| ac_cv_va_copy=${ac_cv_va_copy=yes}
| ac_cv___va_copy=${ac_cv___va_copy=yes}
| ac_cv_func_va_copy=${ac_cv_func_va_copy=yes}
| ac_cv_func___va_copy=${ac_cv_func___va_copy=yes}
| 
| # Xorg
| xorg_cv_malloc0_returns_null=${xorg_cv_malloc0_returns_null=yes}
| # libelf
| mr_cv_target_elf=${mr_cv_target_elf=yes}
| 
| # Normally kernels have /dev/random enabled
| ac_cv_file__dev_random=${ac_cv_file__dev_random=yes}
| 
| # Avoid sudo to assume void for unsetenv in cross environment, or else it conflicts with
| # target stdlib.h prototype which follows POSIX compiliance. Mark for upstream.
| sudo_cv_func_unsetenv_void=no
| 
| # shadow dir info, to avoid searching build system
| shadow_cv_maildir=${localstatedir}/spool/mail
| shadow_cv_mailfile=Mailbox
| shadow_cv_utmpdir=${localstatedir}/run
| shadow_cv_logdir=${localstatedir}/log
| shadow_cv_passwd_dir=${bindir}
| 
| # python: deactivate a runtime check for ipv6-support in python >=2.7.1 that fails when cross-compiling
| ac_cv_buggy_getaddrinfo=no
| 
| ac_cv_path_SED=${ac_cv_path_SED=sed}
| # ORBit2
| ac_cv_alignof_CORBA_boolean=1
| ac_cv_alignof_CORBA_char=1
| ac_cv_alignof_CORBA_double=8
| ac_cv_alignof_CORBA_float=4
| ac_cv_alignof_CORBA_long=4
| ac_cv_alignof_CORBA_long_double=8
| ac_cv_alignof_CORBA_long_long=8
| ac_cv_alignof_CORBA_octet=1
| ac_cv_alignof_CORBA_pointer=4
| ac_cv_alignof_CORBA_short=2
| ac_cv_alignof_CORBA_struct=1
| ac_cv_alignof_CORBA_wchar=2
| # rp-pppoe
| rpppoe_cv_pack_bitfields=${rpppoe_cv_pack_bitfields=rev}
configure:2170: checking for a BSD-compatible install
configure:2238: result: /usr/bin/install -c
configure:2249: checking whether build environment is sane
configure:2304: result: yes
configure:2342: WARNING: 'missing' script is too old or missing
configure:2363: checking for i386-linux-strip
configure:2390: result: aarch64-xilinx-linux-strip
configure:2455: checking for a thread-safe mkdir -p
configure:2494: result: /bin/mkdir -p
configure:2501: checking for gawk
configure:2517: found /usr/bin/gawk
configure:2528: result: gawk
configure:2539: checking whether make sets $(MAKE)
configure:2561: result: yes
configure:2590: checking whether make supports nested variables
configure:2607: result: yes
configure:2744: checking whether make supports nested variables
configure:2761: result: yes
configure:2806: checking build system type
configure:2820: result: x86_64-unknown-linux-gnu
configure:2840: checking host system type
configure:2853: result: i386-pc-linux-gnu
configure:2894: checking how to print strings
configure:2921: result: printf
configure:2946: checking whether make supports the include directive
configure:2961: make -f confmf.GNU && cat confinc.out
this is the am__doit target
configure:2964: $? = 0
configure:2983: result: yes (GNU style)
configure:3013: checking for i386-linux-gcc
configure:3040: result: aarch64-linux-gnu-gcc
configure:3309: checking for C compiler version
configure:3318: aarch64-linux-gnu-gcc --version >&5
aarch64-xilinx-linux-gcc.real (GCC) 9.2.0
Copyright (C) 2019 Free Software Foundation, Inc.
This is free software; see the source for copying conditions.  There is NO
warranty; not even for MERCHANTABILITY or FITNESS FOR A PARTICULAR PURPOSE.

configure:3329: $? = 0
configure:3318: aarch64-linux-gnu-gcc -v >&5
Using built-in specs.
COLLECT_GCC=/tools/Xilinx/Vitis/2020.1/gnu/aarch64/lin/aarch64-linux/bin/../x86_64-petalinux-linux/usr/bin/aarch64-xilinx-linux/aarch64-xilinx-linux-gcc.real
COLLECT_LTO_WRAPPER=/tools/Xilinx/Vitis/2020.1/gnu/aarch64/lin/aarch64-linux/x86_64-petalinux-linux/usr/bin/aarch64-xilinx-linux/../../libexec/aarch64-xilinx-linux/gcc/aarch64-xilinx-linux/9.2.0/lto-wrapper
Target: aarch64-xilinx-linux
Configured with: ../../../../../../work-shared/gcc-9.2.0-r0/gcc-9.2.0/configure --build=x86_64-linux --host=x86_64-petalinux-linux --target=aarch64-xilinx-linux --prefix=/opt/petalinux/2020.1/sysroots/x86_64-petalinux-linux/usr --exec_prefix=/opt/petalinux/2020.1/sysroots/x86_64-petalinux-linux/usr --bindir=/opt/petalinux/2020.1/sysroots/x86_64-petalinux-linux/usr/bin/aarch64-xilinx-linux --sbindir=/opt/petalinux/2020.1/sysroots/x86_64-petalinux-linux/usr/bin/aarch64-xilinx-linux --libexecdir=/opt/petalinux/2020.1/sysroots/x86_64-petalinux-linux/usr/libexec/aarch64-xilinx-linux --datadir=/opt/petalinux/2020.1/sysroots/x86_64-petalinux-linux/usr/share --sysconfdir=/opt/petalinux/2020.1/sysroots/x86_64-petalinux-linux/etc --sharedstatedir=/opt/petalinux/2020.1/sysroots/x86_64-petalinux-linux/com --localstatedir=/opt/petalinux/2020.1/sysroots/x86_64-petalinux-linux/var --libdir=/opt/petalinux/2020.1/sysroots/x86_64-petalinux-linux/usr/lib/aarch64-xilinx-linux --includedir=/opt/petalinux/2020.1/sysroots/x86_64-petalinux-linux/usr/include --oldincludedir=/opt/petalinux/2020.1/sysroots/x86_64-petalinux-linux/usr/include --infodir=/opt/petalinux/2020.1/sysroots/x86_64-petalinux-linux/usr/share/info --mandir=/opt/petalinux/2020.1/sysroots/x86_64-petalinux-linux/usr/share/man --disable-silent-rules --disable-dependency-tracking --with-libtool-sysroot=/scratch/mhatle/git/internal/rel-v2020.1/build/linux-tc/tmp/work/x86_64-nativesdk-petalinux-linux/gcc-cross-canadian-aarch64/9.2.0-r0/recipe-sysroot --with-gnu-ld --enable-shared --enable-languages=c,c++ --enable-threads=posix --enable-multilib --enable-default-pie --enable-c99 --enable-long-long --enable-symvers=gnu --enable-libstdcxx-pch --program-prefix=aarch64-xilinx-linux- --without-local-prefix --enable-lto --disable-libssp --enable-libitm --disable-bootstrap --disable-libmudflap --with-system-zlib --with-linker-hash-style=gnu --enable-linker-build-id --with-ppl=no --with-cloog=no --enable-checking=release --enable-cheaders=c_global --without-isl --with-gxx-include-dir=/not/exist/usr/include/c++/9.2.0 --with-build-time-tools=/scratch/mhatle/git/internal/rel-v2020.1/build/linux-tc/tmp/work/x86_64-nativesdk-petalinux-linux/gcc-cross-canadian-aarch64/9.2.0-r0/recipe-sysroot-native/usr/aarch64-xilinx-linux/bin --with-sysroot=/not/exist --with-build-sysroot=/scratch/mhatle/git/internal/rel-v2020.1/build/linux-tc/tmp/work/x86_64-nativesdk-petalinux-linux/gcc-cross-canadian-aarch64/9.2.0-r0/recipe-sysroot --enable-poison-system-directories --disable-static --enable-nls --with-glibc-version=2.28 --enable-initfini-array --enable-__cxa_atexit
Thread model: posix
gcc version 9.2.0 (GCC) 
configure:3329: $? = 0
configure:3318: aarch64-linux-gnu-gcc -V >&5
aarch64-xilinx-linux-gcc.real: error: unrecognized command line option '-V'
aarch64-xilinx-linux-gcc.real: fatal error: no input files
compilation terminated.
configure:3329: $? = 1
configure:3318: aarch64-linux-gnu-gcc -qversion >&5
aarch64-xilinx-linux-gcc.real: error: unrecognized command line option '-qversion'; did you mean '--version'?
aarch64-xilinx-linux-gcc.real: fatal error: no input files
compilation terminated.
configure:3329: $? = 1
configure:3349: checking whether the C compiler works
configure:3371: aarch64-linux-gnu-gcc  -O2 -pipe -g -feliminate-unused-debug-types   -Wl,-O1 -Wl,--hash-style=gnu -Wl,--as-needed conftest.c  >&5
configure:3375: $? = 0
configure:3423: result: yes
configure:3426: checking for C compiler default output file name
configure:3428: result: a.out
configure:3434: checking for suffix of executables
configure:3441: aarch64-linux-gnu-gcc -o conftest  -O2 -pipe -g -feliminate-unused-debug-types   -Wl,-O1 -Wl,--hash-style=gnu -Wl,--as-needed conftest.c  >&5
configure:3445: $? = 0
configure:3467: result: 
configure:3489: checking whether we are cross compiling
configure:3497: aarch64-linux-gnu-gcc -o conftest  -O2 -pipe -g -feliminate-unused-debug-types   -Wl,-O1 -Wl,--hash-style=gnu -Wl,--as-needed conftest.c  >&5
configure:3501: $? = 0
configure:3508: ./conftest
/lib/ld-linux-aarch64.so.1: No such file or directory
configure:3512: $? = 255
configure:3527: result: yes
configure:3532: checking for suffix of object files
configure:3554: aarch64-linux-gnu-gcc -c  -O2 -pipe -g -feliminate-unused-debug-types   conftest.c >&5
configure:3558: $? = 0
configure:3579: result: o
configure:3583: checking whether we are using the GNU C compiler
configure:3602: aarch64-linux-gnu-gcc -c  -O2 -pipe -g -feliminate-unused-debug-types   conftest.c >&5
configure:3602: $? = 0
configure:3611: result: yes
configure:3620: checking whether aarch64-linux-gnu-gcc accepts -g
configure:3640: aarch64-linux-gnu-gcc -c -g  conftest.c >&5
configure:3640: $? = 0
configure:3681: result: yes
configure:3698: checking for aarch64-linux-gnu-gcc option to accept ISO C89
configure:3761: aarch64-linux-gnu-gcc  -c  -O2 -pipe -g -feliminate-unused-debug-types   conftest.c >&5
configure:3761: $? = 0
configure:3774: result: none needed
configure:3799: checking whether aarch64-linux-gnu-gcc understands -c and -o together
configure:3821: aarch64-linux-gnu-gcc -c conftest.c -o conftest2.o
configure:3824: $? = 0
configure:3821: aarch64-linux-gnu-gcc -c conftest.c -o conftest2.o
configure:3824: $? = 0
configure:3836: result: yes
configure:3855: checking dependency style of aarch64-linux-gnu-gcc
configure:3966: result: gcc3
configure:3981: checking for a sed that does not truncate output
configure:4045: result: sed
configure:4063: checking for grep that handles long lines and -e
configure:4121: result: /bin/grep
configure:4126: checking for egrep
configure:4188: result: /bin/grep -E
configure:4193: checking for fgrep
configure:4255: result: /bin/grep -F
configure:4290: checking for ld used by aarch64-linux-gnu-gcc
configure:4357: result: aarch64-xilinx-linux-ld  --sysroot=/home/xfzhou/Workspace/SoC/BasicSystem/linux/sdk/sysroots/aarch64-xilinx-linux
configure:4364: checking if the linker (aarch64-xilinx-linux-ld  --sysroot=/home/xfzhou/Workspace/SoC/BasicSystem/linux/sdk/sysroots/aarch64-xilinx-linux) is GNU ld
configure:4379: result: yes
configure:4391: checking for BSD- or MS-compatible name lister (nm)
configure:4445: result: aarch64-xilinx-linux-nm
configure:4575: checking the name lister (aarch64-xilinx-linux-nm) interface
configure:4582: aarch64-linux-gnu-gcc -c  -O2 -pipe -g -feliminate-unused-debug-types   conftest.c >&5
configure:4585: aarch64-xilinx-linux-nm "conftest.o"
configure:4588: output
0000000000000000 B some_variable
configure:4595: result: BSD nm
configure:4598: checking whether ln -s works
configure:4602: result: yes
configure:4610: checking the maximum length of command line arguments
configure:4741: result: 1572864
configure:4789: checking how to convert x86_64-unknown-linux-gnu file names to i386-pc-linux-gnu format
configure:4829: result: func_convert_file_noop
configure:4836: checking how to convert x86_64-unknown-linux-gnu file names to toolchain format
configure:4856: result: func_convert_file_noop
configure:4863: checking for aarch64-xilinx-linux-ld  --sysroot=/home/xfzhou/Workspace/SoC/BasicSystem/linux/sdk/sysroots/aarch64-xilinx-linux option to reload object files
configure:4870: result: -r
configure:4904: checking for i386-linux-objdump
configure:4931: result: aarch64-xilinx-linux-objdump
configure:5003: checking how to recognize dependent libraries
configure:5203: result: pass_all
configure:5248: checking for i386-linux-dlltool
configure:5278: result: no
configure:5288: checking for dlltool
configure:5318: result: no
configure:5348: checking how to associate runtime and link libraries
configure:5375: result: printf %s\n
configure:5392: checking for i386-linux-ar
configure:5419: result: aarch64-xilinx-linux-ar
configure:5516: checking for archiver @FILE support
configure:5533: aarch64-linux-gnu-gcc -c  -O2 -pipe -g -feliminate-unused-debug-types   conftest.c >&5
configure:5533: $? = 0
configure:5536: aarch64-xilinx-linux-ar cr libconftest.a @conftest.lst >&5
configure:5539: $? = 0
configure:5544: aarch64-xilinx-linux-ar cr libconftest.a @conftest.lst >&5
aarch64-xilinx-linux-ar: conftest.o: No such file or directory
configure:5547: $? = 1
configure:5559: result: @
configure:5577: checking for i386-linux-strip
configure:5604: result: aarch64-xilinx-linux-strip
configure:5676: checking for i386-linux-ranlib
configure:5703: result: aarch64-xilinx-linux-ranlib
configure:5845: checking command to parse aarch64-xilinx-linux-nm output from aarch64-linux-gnu-gcc object
configure:5998: aarch64-linux-gnu-gcc -c  -O2 -pipe -g -feliminate-unused-debug-types   conftest.c >&5
configure:6001: $? = 0
configure:6005: aarch64-xilinx-linux-nm conftest.o \| sed -n -e 's/^.*[ ]\([ABCDGIRSTW][ABCDGIRSTW]*\)[ ][ ]*\([_A-Za-z][_A-Za-z0-9]*\)$/\1 \2 \2/p' | sed '/ __gnu_lto/d' \> conftest.nm
configure:6008: $? = 0
configure:6074: aarch64-linux-gnu-gcc -o conftest  -O2 -pipe -g -feliminate-unused-debug-types   -Wl,-O1 -Wl,--hash-style=gnu -Wl,--as-needed conftest.c conftstm.o >&5
configure:6077: $? = 0
configure:6115: result: ok
configure:6162: checking for sysroot
configure:6192: result: no
configure:6199: checking for a working dd
configure:6237: result: /bin/dd
configure:6241: checking how to truncate binary pipes
configure:6256: result: /bin/dd bs=4096 count=1
configure:6545: checking for i386-linux-mt
configure:6575: result: no
configure:6585: checking for mt
configure:6601: found /bin/mt
configure:6612: result: mt
configure:6624: WARNING: using cross tools not prefixed with host triplet
configure:6635: checking if mt is a manifest tool
configure:6641: mt '-?'
configure:6649: result: no
configure:7326: checking how to run the C preprocessor
configure:7396: result: aarch64-xilinx-linux-gcc -E  -march=armv8-a+crc -mtune=cortex-a72.cortex-a53 --sysroot=/home/xfzhou/Workspace/SoC/BasicSystem/linux/sdk/sysroots/aarch64-xilinx-linux
configure:7416: aarch64-xilinx-linux-gcc -E  -march=armv8-a+crc -mtune=cortex-a72.cortex-a53 --sysroot=/home/xfzhou/Workspace/SoC/BasicSystem/linux/sdk/sysroots/aarch64-xilinx-linux  conftest.c
configure:7416: $? = 0
configure:7430: aarch64-xilinx-linux-gcc -E  -march=armv8-a+crc -mtune=cortex-a72.cortex-a53 --sysroot=/home/xfzhou/Workspace/SoC/BasicSystem/linux/sdk/sysroots/aarch64-xilinx-linux  conftest.c
conftest.c:11:10: fatal error: ac_nonexistent.h: No such file or directory
   11 | #include <ac_nonexistent.h>
      |          ^~~~~~~~~~~~~~~~~~
compilation terminated.
configure:7430: $? = 1
configure: failed program was:
| /* confdefs.h */
| #define PACKAGE_NAME "Multitouch Protocol Translation Library"
| #define PACKAGE_TARNAME "mtdev"
| #define PACKAGE_VERSION "1.1.6"
| #define PACKAGE_STRING "Multitouch Protocol Translation Library 1.1.6"
| #define PACKAGE_BUGREPORT ""
| #define PACKAGE_URL ""
| #define PACKAGE "mtdev"
| #define VERSION "1.1.6"
| /* end confdefs.h.  */
| #include <ac_nonexistent.h>
configure:7459: checking for ANSI C header files
configure:7479: aarch64-linux-gnu-gcc -c  -O2 -pipe -g -feliminate-unused-debug-types   conftest.c >&5
configure:7479: $? = 0
configure:7563: result: yes
configure:7576: checking for sys/types.h
configure:7576: aarch64-linux-gnu-gcc -c  -O2 -pipe -g -feliminate-unused-debug-types   conftest.c >&5
configure:7576: $? = 0
configure:7576: result: yes
configure:7576: checking for sys/stat.h
configure:7576: aarch64-linux-gnu-gcc -c  -O2 -pipe -g -feliminate-unused-debug-types   conftest.c >&5
configure:7576: $? = 0
configure:7576: result: yes
configure:7576: checking for stdlib.h
configure:7576: aarch64-linux-gnu-gcc -c  -O2 -pipe -g -feliminate-unused-debug-types   conftest.c >&5
configure:7576: $? = 0
configure:7576: result: yes
configure:7576: checking for string.h
configure:7576: aarch64-linux-gnu-gcc -c  -O2 -pipe -g -feliminate-unused-debug-types   conftest.c >&5
configure:7576: $? = 0
configure:7576: result: yes
configure:7576: checking for memory.h
configure:7576: aarch64-linux-gnu-gcc -c  -O2 -pipe -g -feliminate-unused-debug-types   conftest.c >&5
configure:7576: $? = 0
configure:7576: result: yes
configure:7576: checking for strings.h
configure:7576: aarch64-linux-gnu-gcc -c  -O2 -pipe -g -feliminate-unused-debug-types   conftest.c >&5
configure:7576: $? = 0
configure:7576: result: yes
configure:7576: checking for inttypes.h
configure:7576: aarch64-linux-gnu-gcc -c  -O2 -pipe -g -feliminate-unused-debug-types   conftest.c >&5
configure:7576: $? = 0
configure:7576: result: yes
configure:7576: checking for stdint.h
configure:7576: aarch64-linux-gnu-gcc -c  -O2 -pipe -g -feliminate-unused-debug-types   conftest.c >&5
configure:7576: $? = 0
configure:7576: result: yes
configure:7576: checking for unistd.h
configure:7576: aarch64-linux-gnu-gcc -c  -O2 -pipe -g -feliminate-unused-debug-types   conftest.c >&5
configure:7576: $? = 0
configure:7576: result: yes
configure:7590: checking for dlfcn.h
configure:7590: aarch64-linux-gnu-gcc -c  -O2 -pipe -g -feliminate-unused-debug-types   conftest.c >&5
configure:7590: $? = 0
configure:7590: result: yes
configure:7846: checking for objdir
configure:7861: result: .libs
configure:8121: checking if aarch64-linux-gnu-gcc supports -fno-rtti -fno-exceptions
configure:8139: aarch64-linux-gnu-gcc -c  -O2 -pipe -g -feliminate-unused-debug-types   -fno-rtti -fno-exceptions conftest.c >&5
cc1.real: warning: command line option '-fno-rtti' is valid for C++/D/ObjC++ but not for C
configure:8143: $? = 0
configure:8156: result: no
configure:8514: checking for aarch64-linux-gnu-gcc option to produce PIC
configure:8521: result: -fPIC -DPIC
configure:8529: checking if aarch64-linux-gnu-gcc PIC flag -fPIC -DPIC works
configure:8547: aarch64-linux-gnu-gcc -c  -O2 -pipe -g -feliminate-unused-debug-types   -fPIC -DPIC -DPIC conftest.c >&5
configure:8551: $? = 0
configure:8564: result: yes
configure:8593: checking if aarch64-linux-gnu-gcc static flag -static works
configure:8621: result: no
configure:8636: checking if aarch64-linux-gnu-gcc supports -c -o file.o
configure:8657: aarch64-linux-gnu-gcc -c  -O2 -pipe -g -feliminate-unused-debug-types   -o out/conftest2.o conftest.c >&5
configure:8661: $? = 0
configure:8683: result: yes
configure:8691: checking if aarch64-linux-gnu-gcc supports -c -o file.o
configure:8738: result: yes
configure:8771: checking whether the aarch64-linux-gnu-gcc linker (aarch64-xilinx-linux-ld  --sysroot=/home/xfzhou/Workspace/SoC/BasicSystem/linux/sdk/sysroots/aarch64-xilinx-linux) supports shared libraries
configure:10032: result: yes
configure:10069: checking whether -lc should be explicitly linked in
configure:10077: aarch64-linux-gnu-gcc -c  -O2 -pipe -g -feliminate-unused-debug-types   conftest.c >&5
configure:10080: $? = 0
configure:10095: aarch64-linux-gnu-gcc -shared  -fPIC -DPIC conftest.o  -v -Wl,-soname -Wl,conftest -o conftest 2\>\&1 \| /bin/grep  -lc  \>/dev/null 2\>\&1
configure:10098: $? = 0
configure:10112: result: no
configure:10272: checking dynamic linker characteristics
configure:10853: aarch64-linux-gnu-gcc -o conftest  -O2 -pipe -g -feliminate-unused-debug-types   -Wl,-O1 -Wl,--hash-style=gnu -Wl,--as-needed -Wl,-rpath -Wl,/foo conftest.c  >&5
configure:10853: $? = 0
configure:11090: result: GNU/Linux ld.so
configure:11212: checking how to hardcode library paths into programs
configure:11237: result: immediate
configure:11785: checking whether stripping libraries is possible
configure:11794: result: yes
configure:11836: checking if libtool supports shared libraries
configure:11838: result: yes
configure:11841: checking whether to build shared libraries
configure:11866: result: yes
configure:11869: checking whether to build static libraries
configure:11873: result: yes
configure:11920: checking for i386-linux-gcc
configure:11947: result: aarch64-linux-gnu-gcc
configure:12216: checking for C compiler version
configure:12225: aarch64-linux-gnu-gcc --version >&5
aarch64-xilinx-linux-gcc.real (GCC) 9.2.0
Copyright (C) 2019 Free Software Foundation, Inc.
This is free software; see the source for copying conditions.  There is NO
warranty; not even for MERCHANTABILITY or FITNESS FOR A PARTICULAR PURPOSE.

configure:12236: $? = 0
configure:12225: aarch64-linux-gnu-gcc -v >&5
Using built-in specs.
COLLECT_GCC=/tools/Xilinx/Vitis/2020.1/gnu/aarch64/lin/aarch64-linux/bin/../x86_64-petalinux-linux/usr/bin/aarch64-xilinx-linux/aarch64-xilinx-linux-gcc.real
COLLECT_LTO_WRAPPER=/tools/Xilinx/Vitis/2020.1/gnu/aarch64/lin/aarch64-linux/x86_64-petalinux-linux/usr/bin/aarch64-xilinx-linux/../../libexec/aarch64-xilinx-linux/gcc/aarch64-xilinx-linux/9.2.0/lto-wrapper
Target: aarch64-xilinx-linux
Configured with: ../../../../../../work-shared/gcc-9.2.0-r0/gcc-9.2.0/configure --build=x86_64-linux --host=x86_64-petalinux-linux --target=aarch64-xilinx-linux --prefix=/opt/petalinux/2020.1/sysroots/x86_64-petalinux-linux/usr --exec_prefix=/opt/petalinux/2020.1/sysroots/x86_64-petalinux-linux/usr --bindir=/opt/petalinux/2020.1/sysroots/x86_64-petalinux-linux/usr/bin/aarch64-xilinx-linux --sbindir=/opt/petalinux/2020.1/sysroots/x86_64-petalinux-linux/usr/bin/aarch64-xilinx-linux --libexecdir=/opt/petalinux/2020.1/sysroots/x86_64-petalinux-linux/usr/libexec/aarch64-xilinx-linux --datadir=/opt/petalinux/2020.1/sysroots/x86_64-petalinux-linux/usr/share --sysconfdir=/opt/petalinux/2020.1/sysroots/x86_64-petalinux-linux/etc --sharedstatedir=/opt/petalinux/2020.1/sysroots/x86_64-petalinux-linux/com --localstatedir=/opt/petalinux/2020.1/sysroots/x86_64-petalinux-linux/var --libdir=/opt/petalinux/2020.1/sysroots/x86_64-petalinux-linux/usr/lib/aarch64-xilinx-linux --includedir=/opt/petalinux/2020.1/sysroots/x86_64-petalinux-linux/usr/include --oldincludedir=/opt/petalinux/2020.1/sysroots/x86_64-petalinux-linux/usr/include --infodir=/opt/petalinux/2020.1/sysroots/x86_64-petalinux-linux/usr/share/info --mandir=/opt/petalinux/2020.1/sysroots/x86_64-petalinux-linux/usr/share/man --disable-silent-rules --disable-dependency-tracking --with-libtool-sysroot=/scratch/mhatle/git/internal/rel-v2020.1/build/linux-tc/tmp/work/x86_64-nativesdk-petalinux-linux/gcc-cross-canadian-aarch64/9.2.0-r0/recipe-sysroot --with-gnu-ld --enable-shared --enable-languages=c,c++ --enable-threads=posix --enable-multilib --enable-default-pie --enable-c99 --enable-long-long --enable-symvers=gnu --enable-libstdcxx-pch --program-prefix=aarch64-xilinx-linux- --without-local-prefix --enable-lto --disable-libssp --enable-libitm --disable-bootstrap --disable-libmudflap --with-system-zlib --with-linker-hash-style=gnu --enable-linker-build-id --with-ppl=no --with-cloog=no --enable-checking=release --enable-cheaders=c_global --without-isl --with-gxx-include-dir=/not/exist/usr/include/c++/9.2.0 --with-build-time-tools=/scratch/mhatle/git/internal/rel-v2020.1/build/linux-tc/tmp/work/x86_64-nativesdk-petalinux-linux/gcc-cross-canadian-aarch64/9.2.0-r0/recipe-sysroot-native/usr/aarch64-xilinx-linux/bin --with-sysroot=/not/exist --with-build-sysroot=/scratch/mhatle/git/internal/rel-v2020.1/build/linux-tc/tmp/work/x86_64-nativesdk-petalinux-linux/gcc-cross-canadian-aarch64/9.2.0-r0/recipe-sysroot --enable-poison-system-directories --disable-static --enable-nls --with-glibc-version=2.28 --enable-initfini-array --enable-__cxa_atexit
Thread model: posix
gcc version 9.2.0 (GCC) 
configure:12236: $? = 0
configure:12225: aarch64-linux-gnu-gcc -V >&5
aarch64-xilinx-linux-gcc.real: error: unrecognized command line option '-V'
aarch64-xilinx-linux-gcc.real: fatal error: no input files
compilation terminated.
configure:12236: $? = 1
configure:12225: aarch64-linux-gnu-gcc -qversion >&5
aarch64-xilinx-linux-gcc.real: error: unrecognized command line option '-qversion'; did you mean '--version'?
aarch64-xilinx-linux-gcc.real: fatal error: no input files
compilation terminated.
configure:12236: $? = 1
configure:12240: checking whether we are using the GNU C compiler
configure:12268: result: yes
configure:12277: checking whether aarch64-linux-gnu-gcc accepts -g
configure:12338: result: yes
configure:12355: checking for aarch64-linux-gnu-gcc option to accept ISO C89
configure:12431: result: none needed
configure:12456: checking whether aarch64-linux-gnu-gcc understands -c and -o together
configure:12493: result: yes
configure:12512: checking dependency style of aarch64-linux-gnu-gcc
configure:12623: result: gcc3
configure:12751: checking that generated files are newer than configure
configure:12757: result: done
configure:12784: creating ./config.status

## ---------------------- ##
## Running config.status. ##
## ---------------------- ##

This file was extended by Multitouch Protocol Translation Library config.status 1.1.6, which was
generated by GNU Autoconf 2.69.  Invocation command line was

  CONFIG_FILES    = 
  CONFIG_HEADERS  = 
  CONFIG_LINKS    = 
  CONFIG_COMMANDS = 
  $ ./config.status 

on xfzhou-OptiPlex-7050

config.status:1089: creating Makefile
config.status:1089: creating src/Makefile
config.status:1089: creating test/Makefile
config.status:1089: creating mtdev.pc
config.status:1089: creating config.h
config.status:1318: executing depfiles commands
config.status:1395: cd src       && sed -e '/# am--include-marker/d' Makefile         | make -f - am--depfiles
config.status:1400: $? = 0
config.status:1395: cd test       && sed -e '/# am--include-marker/d' Makefile         | make -f - am--depfiles
config.status:1400: $? = 0
config.status:1318: executing libtool commands

## ---------------- ##
## Cache variables. ##
## ---------------- ##

ac_cv___va_copy=yes
ac_cv_af_unix_large_dgram=yes
ac_cv_alignof_CORBA_boolean=1
ac_cv_alignof_CORBA_char=1
ac_cv_alignof_CORBA_double=8
ac_cv_alignof_CORBA_float=4
ac_cv_alignof_CORBA_long=4
ac_cv_alignof_CORBA_long_double=8
ac_cv_alignof_CORBA_long_long=8
ac_cv_alignof_CORBA_octet=1
ac_cv_alignof_CORBA_pointer=4
ac_cv_alignof_CORBA_short=2
ac_cv_alignof_CORBA_struct=1
ac_cv_alignof_CORBA_wchar=2
ac_cv_alignof_char=1
ac_cv_alignof_dbind_pointer=8
ac_cv_alignof_dbind_struct=1
ac_cv_alignof_dbus_bool_t=4
ac_cv_alignof_dbus_int16_t=2
ac_cv_alignof_dbus_int32_t=4
ac_cv_alignof_dbus_int64_t=8
ac_cv_alignof_double=8
ac_cv_alignof_guint32=4
ac_cv_alignof_guint64=8
ac_cv_alignof_unsigned_long=8
ac_cv_buggy_getaddrinfo=no
ac_cv_build=x86_64-unknown-linux-gnu
ac_cv_c_bigendian=no
ac_cv_c_compiler_gnu=yes
ac_cv_c_endian=little
ac_cv_c_littleendian=yes
ac_cv_c_long_double=yes
ac_cv_check_sjlj=ssjlj
ac_cv_conv_longlong_to_float=yes
ac_cv_dirent_have_space_d_name=yes
ac_cv_env_CC_set=set
ac_cv_env_CC_value=aarch64-linux-gnu-gcc
ac_cv_env_CFLAGS_set=set
ac_cv_env_CFLAGS_value=' -O2 -pipe -g -feliminate-unused-debug-types '
ac_cv_env_CPPFLAGS_set=set
ac_cv_env_CPPFLAGS_value=
ac_cv_env_CPP_set=set
ac_cv_env_CPP_value='aarch64-xilinx-linux-gcc -E  -march=armv8-a+crc -mtune=cortex-a72.cortex-a53 --sysroot=/home/xfzhou/Workspace/SoC/BasicSystem/linux/sdk/sysroots/aarch64-xilinx-linux'
ac_cv_env_LDFLAGS_set=set
ac_cv_env_LDFLAGS_value='-Wl,-O1 -Wl,--hash-style=gnu -Wl,--as-needed'
ac_cv_env_LIBS_set=
ac_cv_env_LIBS_value=
ac_cv_env_LT_SYS_LIBRARY_PATH_set=
ac_cv_env_LT_SYS_LIBRARY_PATH_value=
ac_cv_env_build_alias_set=
ac_cv_env_build_alias_value=
ac_cv_env_host_alias_set=set
ac_cv_env_host_alias_value=i386-linux
ac_cv_env_target_alias_set=set
ac_cv_env_target_alias_value=aarch64-linux
ac_cv_epoll_works=yes
ac_cv_file__dev_random=yes
ac_cv_file__dev_zero=yes
ac_cv_func___va_copy=yes
ac_cv_func_fnmatch_works=yes
ac_cv_func_getaddrinfo=yes
ac_cv_func_getgrgid_r=yes
ac_cv_func_getpagesize=yes
ac_cv_func_getpgrp_void=yes
ac_cv_func_getpwuid_r=yes
ac_cv_func_lstat_dereferences_slashed_symlink=yes
ac_cv_func_lstat_empty_string_bug=no
ac_cv_func_malloc_0_nonnull=yes
ac_cv_func_malloc_works=yes
ac_cv_func_memcmp_working=yes
ac_cv_func_memcpy=yes
ac_cv_func_mmap_fixed_mapped=yes
ac_cv_func_posix_getgrgid_r=yes
ac_cv_func_posix_getpwnam_r=yes
ac_cv_func_posix_getpwuid_r=yes
ac_cv_func_printf_unix98=yes
ac_cv_func_pthread_attr_getstack=yes
ac_cv_func_pthread_key_delete=yes
ac_cv_func_realloc_0_nonnull=yes
ac_cv_func_realloc_works=yes
ac_cv_func_setgrent_void=yes
ac_cv_func_setpgrp_void=yes
ac_cv_func_setresuid=yes
ac_cv_func_snprintf_c99=yes
ac_cv_func_stat_empty_string_bug=no
ac_cv_func_stat_ignores_trailing_slash=no
ac_cv_func_strerror=yes
ac_cv_func_va_copy=yes
ac_cv_func_vsnprintf_c99=yes
ac_cv_have_abstract_sockets=yes
ac_cv_have_accrights_in_msghdr=no
ac_cv_have_broken_snprintf=no
ac_cv_have_control_in_msghdr=yes
ac_cv_have_decl_sys_siglist=yes
ac_cv_have_long_long_format=yes
ac_cv_have_openpty_ctty_bug=yes
ac_cv_have_space_d_name_in_struct_dirent=yes
ac_cv_header_dlfcn_h=yes
ac_cv_header_inttypes_h=yes
ac_cv_header_memory_h=yes
ac_cv_header_netinet_sctp_h=no
ac_cv_header_netinet_sctp_uio_h=no
ac_cv_header_stdc=yes
ac_cv_header_stdint_h=yes
ac_cv_header_stdlib_h=yes
ac_cv_header_string_h=yes
ac_cv_header_strings_h=yes
ac_cv_header_sys_stat_h=yes
ac_cv_header_sys_types_h=yes
ac_cv_header_unistd_h=yes
ac_cv_host=i386-pc-linux-gnu
ac_cv_ispeed_offset=13
ac_cv_lib_png_png_create_info_struct=yes
ac_cv_libiconv_utf8=yes
ac_cv_libnet_endianess=lil
ac_cv_linux_vers=2
ac_cv_need_trio=no
ac_cv_o_nonblock_inherited=no
ac_cv_objext=o
ac_cv_path_EGREP='/bin/grep -E'
ac_cv_path_FGREP='/bin/grep -F'
ac_cv_path_GREP=/bin/grep
ac_cv_path_SED=sed
ac_cv_path_install='/usr/bin/install -c'
ac_cv_path_lt_DD=/bin/dd
ac_cv_path_mkdir=/bin/mkdir
ac_cv_pread=no
ac_cv_prog_AR=aarch64-xilinx-linux-ar
ac_cv_prog_AWK=gawk
ac_cv_prog_CC=aarch64-linux-gnu-gcc
ac_cv_prog_CPP='aarch64-xilinx-linux-gcc -E  -march=armv8-a+crc -mtune=cortex-a72.cortex-a53 --sysroot=/home/xfzhou/Workspace/SoC/BasicSystem/linux/sdk/sysroots/aarch64-xilinx-linux'
ac_cv_prog_OBJDUMP=aarch64-xilinx-linux-objdump
ac_cv_prog_RANLIB=aarch64-xilinx-linux-ranlib
ac_cv_prog_STRIP=aarch64-xilinx-linux-strip
ac_cv_prog_ac_ct_MANIFEST_TOOL=mt
ac_cv_prog_cc_c89=
ac_cv_prog_cc_g=yes
ac_cv_prog_make_make_set=yes
ac_cv_pwrite=no
ac_cv_regexec_segfault_emptystr=no
ac_cv_sctp=no
ac_cv_sizeof_pid_t=4
ac_cv_sizeof_size_t=8
ac_cv_sizeof_ssize_t=8
ac_cv_sizeof_wchar_t=4
ac_cv_strerror_r_SUSv3=no
ac_cv_sys_restartable_syscalls=yes
ac_cv_type_uid_t='{ac_cv_type_uid_t=yes}'
ac_cv_va_copy=yes
ac_cv_va_val_copy=yes
am_cv_CC_dependencies_compiler_type=gcc3
am_cv_func_working_getline=yes
am_cv_make_support_nested_variables=yes
am_cv_prog_cc_c_o=yes
am_cv_scanf_lld=yes
apr_cv_process_shared_works=no
apr_cv_tcp_nodelay_with_cork=yes
as_cv_unaligned_access=no
bash_cv_dup2_broken=no
bash_cv_func_sigsetjmp=missing
bash_cv_func_strcoll_broken=no
bash_cv_getcwd_calls_popen=no
bash_cv_getcwd_malloc=yes
bash_cv_getenv_redef=yes
bash_cv_have_mbstate_t=yes
bash_cv_job_control_missing=present
bash_cv_must_reinstall_sighandlers=no
bash_cv_opendir_not_robust=no
bash_cv_pgrp_pipe=no
bash_cv_printf_a_format=yes
bash_cv_sys_named_pipes=present
bash_cv_sys_siglist=yes
bash_cv_type_rlimit=rlim_t
bash_cv_ulimit_maxfds=yes
bash_cv_under_sys_siglist=yes
bash_cv_unusable_rtsigs=no
compat_cv_func_basename_works=no
compat_cv_func_dirname_works=no
compat_cv_func_snprintf_works=yes
cvs_cv_func_printf_ptr=yes
db_cv_align_t='unsigned long long'
db_cv_alignp_t='unsigned long'
db_cv_fcntl_f_setfd=yes
db_cv_path_ar=/usr/bin/ar
db_cv_path_chmod=/bin/chmod
db_cv_path_cp=/bin/cp
db_cv_path_ln=/bin/ln
db_cv_path_mkdir=/bin/mkdir
db_cv_path_ranlib=/usr/bin/ranlib
db_cv_path_rm=/bin/rm
db_cv_path_sh=/bin/sh
db_cv_path_strip=/usr/bin/strip
db_cv_spinlocks=no
db_cv_sprintf_count=yes
ettercap_cv_type_socklen_t=yes
fu_cv_sys_stat_statfs2_bsize=yes
gl_cv_func_btowc_eof=yes
gl_cv_func_fstatat_zero_flag=yes
gl_cv_func_mbrtowc_incomplete_state=yes
gl_cv_func_mbrtowc_nul_retval=yes
gl_cv_func_mbrtowc_null_arg=yes
gl_cv_func_mbrtowc_retval=yes
gl_cv_func_mbrtowc_sanitycheck=yes
gl_cv_func_sleep_works=yes
gl_cv_func_wcrtomb_retval=yes
gl_cv_func_wctob_works=yes
gl_cv_have_proc_uptime=yes
gl_cv_header_working_fcntl_h=yes
glib_cv___va_copy=yes
glib_cv_compliant_posix_memalign=1
glib_cv_has__inline=yes
glib_cv_has__inline__=yes
glib_cv_hasinline=yes
glib_cv_have_qsort_r=yes
glib_cv_long_long_format=ll
glib_cv_rtldglobal_broken=no
glib_cv_sane_realloc=yes
glib_cv_stack_grows=no
glib_cv_strlcpy=no
glib_cv_sys_pthread_cond_timedwait_posix=yes
glib_cv_sys_pthread_getspecific_posix=yes
glib_cv_sys_pthread_mutex_trylock_posix=yes
glib_cv_sys_use_pid_niceness_surrogate=yes
glib_cv_uscore=no
glib_cv_use_pid_surrogate=yes
glib_cv_va_copy=yes
glib_cv_va_val_copy=yes
gt_cv_locale_fr=fr_FR
hw_cv_func_snprintf_c99=yes
hw_cv_func_vsnprintf_c99=yes
jm_cv_func_working_readdir=yes
lf_cv_sane_realloc=yes
lftp_cv_va_val_copy=yes
libIDL_cv_long_long_format=ll
lt_cv_ar_at_file=@
lt_cv_archive_cmds_need_lc=no
lt_cv_deplibs_check_method=pass_all
lt_cv_file_magic_cmd='$MAGIC_CMD'
lt_cv_file_magic_test_file=
lt_cv_ld_reload_flag=-r
lt_cv_nm_interface='BSD nm'
lt_cv_objdir=.libs
lt_cv_path_LD='aarch64-xilinx-linux-ld  --sysroot=/home/xfzhou/Workspace/SoC/BasicSystem/linux/sdk/sysroots/aarch64-xilinx-linux'
lt_cv_path_NM=aarch64-xilinx-linux-nm
lt_cv_path_mainfest_tool=no
lt_cv_prog_compiler_c_o=yes
lt_cv_prog_compiler_pic='-fPIC -DPIC'
lt_cv_prog_compiler_pic_works=yes
lt_cv_prog_compiler_rtti_exceptions=no
lt_cv_prog_compiler_static_works=no
lt_cv_prog_gnu_ld=yes
lt_cv_sharedlib_from_linklib_cmd='printf %s\n'
lt_cv_shlibpath_overrides_runpath=no
lt_cv_sys_global_symbol_pipe='sed -n -e '\''s/^.*[	 ]\([ABCDGIRSTW][ABCDGIRSTW]*\)[	 ][	 ]*\([_A-Za-z][_A-Za-z0-9]*\)$/\1 \2 \2/p'\'' | sed '\''/ __gnu_lto/d'\'''
lt_cv_sys_global_symbol_to_c_name_address='sed -n -e '\''s/^: \(.*\) .*$/  {"\1", (void *) 0},/p'\'' -e '\''s/^[ABCDGIRSTW][ABCDGIRSTW]* .* \(.*\)$/  {"\1", (void *) \&\1},/p'\'''
lt_cv_sys_global_symbol_to_c_name_address_lib_prefix='sed -n -e '\''s/^: \(.*\) .*$/  {"\1", (void *) 0},/p'\'' -e '\''s/^[ABCDGIRSTW][ABCDGIRSTW]* .* \(lib.*\)$/  {"\1", (void *) \&\1},/p'\'' -e '\''s/^[ABCDGIRSTW][ABCDGIRSTW]* .* \(.*\)$/  {"lib\1", (void *) \&\1},/p'\'''
lt_cv_sys_global_symbol_to_cdecl='sed -n -e '\''s/^T .* \(.*\)$/extern int \1();/p'\'' -e '\''s/^[ABCDGIRSTW][ABCDGIRSTW]* .* \(.*\)$/extern char \1;/p'\'''
lt_cv_sys_global_symbol_to_import=
lt_cv_sys_max_cmd_len=1572864
lt_cv_to_host_file_cmd=func_convert_file_noop
lt_cv_to_tool_file_cmd=func_convert_file_noop
lt_cv_truncate_bin='/bin/dd bs=4096 count=1'
mr_cv_target_elf=yes
mysql_cv_func_atomic_add=no
mysql_cv_func_atomic_sub=no
nano_cv_func_regexec_segv_emptystr=no
php_cv_lib_cookie_io_functions_use_off64_t=yes
rpppoe_cv_pack_bitfields=rev
rsync_cv_HAVE_BROKEN_LARGEFILE=no
rsync_cv_HAVE_BROKEN_READDIR=no
rsync_cv_HAVE_C99_VSNPRINTF=yes
rsync_cv_HAVE_GETTIMEOFDAY_TZ=yes
rsync_cv_HAVE_LONGLONG=yes
rsync_cv_HAVE_OFF64_T=no
rsync_cv_HAVE_SECURE_MKSTEMP=yes
rsync_cv_HAVE_SHORT_INO_T=no
rsync_cv_HAVE_SOCKETPAIR=yes
rsync_cv_HAVE_UNSIGNED_CHAR=no
rsync_cv_REPLACE_INET_ATON=no
rsync_cv_REPLACE_INET_NTOA=no
samba_cv_HAVE_IFACE_AIX=no
samba_cv_HAVE_IFACE_IFCONF=yes
samba_cv_HAVE_IFACE_IFREQ=yes
samba_cv_HAVE_IRIX_SPECIFIC_CAPABILITIES=no
sc_cv_termios_ispeed=yes
screen_cv_sys_bcopy_overlap=no
screen_cv_sys_fifo_broken_impl=yes
screen_cv_sys_fifo_usable=yes
screen_cv_sys_memcpy_overlap=no
screen_cv_sys_memmove_overlap=no
screen_cv_sys_select_broken_retval=no
screen_cv_sys_sockets_nofs=no
screen_cv_sys_sockets_usable=yes
screen_cv_sys_terminfo_used=yes
shadow_cv_logdir='${prefix}/var/log'
shadow_cv_maildir='${prefix}/var/spool/mail'
shadow_cv_mailfile=Mailbox
shadow_cv_passwd_dir='${exec_prefix}/bin'
shadow_cv_utmpdir='${prefix}/var/run'
slrn_cv_va_val_copy=yes
sudo_cv_func_unsetenv_void=no
tcl_cv_api_serial=termios
utils_cv_sys_open_max=1019
xorg_cv_malloc0_returns_null=yes

## ----------------- ##
## Output variables. ##
## ----------------- ##

ACLOCAL='aclocal-1.16'
AMDEPBACKSLASH='\'
AMDEP_FALSE='#'
AMDEP_TRUE=''
AMTAR='$${TAR-tar}'
AM_BACKSLASH='\'
AM_DEFAULT_V='$(AM_DEFAULT_VERBOSITY)'
AM_DEFAULT_VERBOSITY='0'
AM_V='$(V)'
AR='aarch64-xilinx-linux-ar'
AUTOCONF='autoconf'
AUTOHEADER='autoheader'
AUTOMAKE='automake-1.16'
AWK='gawk'
CC='aarch64-linux-gnu-gcc'
CCDEPMODE='depmode=gcc3'
CFLAGS=' -O2 -pipe -g -feliminate-unused-debug-types '
CPP='aarch64-xilinx-linux-gcc -E  -march=armv8-a+crc -mtune=cortex-a72.cortex-a53 --sysroot=/home/xfzhou/Workspace/SoC/BasicSystem/linux/sdk/sysroots/aarch64-xilinx-linux'
CPPFLAGS=''
CYGPATH_W='echo'
DEFS='-DHAVE_CONFIG_H'
DEPDIR='.deps'
DLLTOOL='false'
DSYMUTIL=''
DUMPBIN=''
ECHO_C=''
ECHO_N='-n'
ECHO_T=''
EGREP='/bin/grep -E'
EXEEXT=''
FGREP='/bin/grep -F'
GREP='/bin/grep'
INSTALL_DATA='${INSTALL} -m 644'
INSTALL_PROGRAM='${INSTALL}'
INSTALL_SCRIPT='${INSTALL}'
INSTALL_STRIP_PROGRAM='$(install_sh) -c -s'
LD='aarch64-xilinx-linux-ld  --sysroot=/home/xfzhou/Workspace/SoC/BasicSystem/linux/sdk/sysroots/aarch64-xilinx-linux'
LDFLAGS='-Wl,-O1 -Wl,--hash-style=gnu -Wl,--as-needed'
LIBOBJS=''
LIBS=''
LIBTOOL='$(SHELL) $(top_builddir)/libtool'
LIB_VERSION='1:0:0'
LIPO=''
LN_S='ln -s'
LTLIBOBJS=''
LT_SYS_LIBRARY_PATH=''
MAKEINFO='makeinfo'
MANIFEST_TOOL=':'
MKDIR_P='/bin/mkdir -p'
NM='aarch64-xilinx-linux-nm'
NMEDIT=''
OBJDUMP='aarch64-xilinx-linux-objdump'
OBJEXT='o'
OTOOL64=''
OTOOL=''
PACKAGE='mtdev'
PACKAGE_BUGREPORT=''
PACKAGE_NAME='Multitouch Protocol Translation Library'
PACKAGE_STRING='Multitouch Protocol Translation Library 1.1.6'
PACKAGE_TARNAME='mtdev'
PACKAGE_URL=''
PACKAGE_VERSION='1.1.6'
PATH_SEPARATOR=':'
RANLIB='aarch64-xilinx-linux-ranlib'
SED='sed'
SET_MAKE=''
SHELL='/bin/sh'
STRIP='aarch64-xilinx-linux-strip'
VERSION='1.1.6'
ac_ct_AR=''
ac_ct_CC=''
ac_ct_DUMPBIN=''
am__EXEEXT_FALSE=''
am__EXEEXT_TRUE='#'
am__fastdepCC_FALSE='#'
am__fastdepCC_TRUE=''
am__include='include'
am__isrc=''
am__leading_dot='.'
am__nodep='_no'
am__quote=''
am__tar='$${TAR-tar} chof - "$$tardir"'
am__untar='$${TAR-tar} xf -'
bindir='${exec_prefix}/bin'
build='x86_64-unknown-linux-gnu'
build_alias=''
build_cpu='x86_64'
build_os='linux-gnu'
build_vendor='unknown'
datadir='${datarootdir}'
datarootdir='${prefix}/share'
docdir='${datarootdir}/doc/${PACKAGE_TARNAME}'
dvidir='${docdir}'
exec_prefix='${prefix}'
host='i386-pc-linux-gnu'
host_alias='i386-linux'
host_cpu='i386'
host_os='linux-gnu'
host_vendor='pc'
htmldir='${docdir}'
includedir='${prefix}/include'
infodir='${datarootdir}/info'
install_sh='${SHELL} /home/xfzhou/Workspace/SoC/BasicSystem/app/touch/3rd/mtdev-1.1.6/config-aux/install-sh'
libdir='${exec_prefix}/lib'
libexecdir='${exec_prefix}/libexec'
localedir='${datarootdir}/locale'
localstatedir='${prefix}/var'
mandir='${datarootdir}/man'
mkdir_p='$(MKDIR_P)'
oldincludedir='/usr/include'
pdfdir='${docdir}'
prefix='/home/xfzhou/Workspace/SoC/BasicSystem/app/touch/lib'
program_transform_name='s,x,x,'
psdir='${docdir}'
sbindir='${exec_prefix}/sbin'
sharedstatedir='${prefix}/com'
sysconfdir='${prefix}/etc'
target_alias='aarch64-linux'

## ----------- ##
## confdefs.h. ##
## ----------- ##

/* confdefs.h */
#define PACKAGE_NAME "Multitouch Protocol Translation Library"
#define PACKAGE_TARNAME "mtdev"
#define PACKAGE_VERSION "1.1.6"
#define PACKAGE_STRING "Multitouch Protocol Translation Library 1.1.6"
#define PACKAGE_BUGREPORT ""
#define PACKAGE_URL ""
#define PACKAGE "mtdev"
#define VERSION "1.1.6"
#define STDC_HEADERS 1
#define HAVE_SYS_TYPES_H 1
#define HAVE_SYS_STAT_H 1
#define HAVE_STDLIB_H 1
#define HAVE_STRING_H 1
#define HAVE_MEMORY_H 1
#define HAVE_STRINGS_H 1
#define HAVE_INTTYPES_H 1
#define HAVE_STDINT_H 1
#define HAVE_UNISTD_H 1
#define HAVE_DLFCN_H 1
#define LT_OBJDIR ".libs/"

configure: exit 0
